<?xml version="1.0" encoding="UTF-8"?>
<testng-results skipped="0" failed="0" total="1" passed="1">
  <reporter-output>
  </reporter-output>
  <suite name="Suite" duration-ms="26166" started-at="2015-12-30T06:07:45Z" finished-at="2015-12-30T06:08:12Z">
    <groups>
    </groups>
    <test name="Test" duration-ms="26166" started-at="2015-12-30T06:07:45Z" finished-at="2015-12-30T06:08:12Z">
      <class name="dec28.Login">
        <test-method status="PASS" signature="loginTest()[pri:0, instance:dec28.Login@20bf123f]" name="loginTest" duration-ms="26137" started-at="2015-12-30T11:37:45Z" finished-at="2015-12-30T11:38:12Z">
          <reporter-output>
          </reporter-output>
        </test-method> <!-- loginTest -->
      </class> <!-- dec28.Login -->
    </test> <!-- Test -->
  </suite> <!-- Suite -->
</testng-results>
