<?xml version="1.0" encoding="UTF-8"?>
<!-- Generated by org.testng.reporters.JUnitXMLReporter -->
<testsuite hostname="praveen-PC" name="Ene to end Testing" tests="5" failures="5" timestamp="29 Dec 2015 05:01:28 GMT" time="50.309" errors="0">
  <testcase name="loginTest" time="50.173" classname="dec28.Login">
    <failure type="org.openqa.selenium.WebDriverException" message="Failed to connect to binary FirefoxBinary(C:\Program Files (x86)\Mozilla Firefox\firefox.exe) on port 7055; process output follows: 
sions\\fxdriver@googlecode.com&amp;quot;,&amp;quot;installDate&amp;quot;:1451365240472,&amp;quot;updateDate&amp;quot;:1451365240472,&amp;quot;applyBackgroundUpdates&amp;quot;:1,&amp;quot;bootstrap&amp;quot;:false,&amp;quot;size&amp;quot;:8235030,&amp;quot;sourceURI&amp;quot;:null,&amp;quot;releaseNotesURI&amp;quot;:null,&amp;quot;softDisabled&amp;quot;:false,&amp;quot;foreignInstall&amp;quot;:true,&amp;quot;hasBinaryComponents&amp;quot;:true,&amp;quot;strictCompatibility&amp;quot;:false,&amp;quot;locales&amp;quot;:[],&amp;quot;targetApplications&amp;quot;:[{&amp;quot;id&amp;quot;:&amp;quot;{ec8030f7-c20a-464f-9b0e-13a3a9e97384}&amp;quot;,&amp;quot;minVersion&amp;quot;:&amp;quot;3.0&amp;quot;,&amp;quot;maxVersion&amp;quot;:&amp;quot;66.*&amp;quot;}],&amp;quot;targetPlatforms&amp;quot;:[{&amp;quot;os&amp;quot;:&amp;quot;Darwin&amp;quot;,&amp;quot;abi&amp;quot;:null},{&amp;quot;os&amp;quot;:&amp;quot;SunOS&amp;quot;,&amp;quot;abi&amp;quot;:null},{&amp;quot;os&amp;quot;:&amp;quot;FreeBSD&amp;quot;,&amp;quot;abi&amp;quot;:null},{&amp;quot;os&amp;quot;:&amp;quot;OpenBSD&amp;quot;,&amp;quot;abi&amp;quot;:null},{&amp;quot;os&amp;quot;:&amp;quot;WINNT&amp;quot;,&amp;quot;abi&amp;quot;:&amp;quot;x86-msvc&amp;quot;},{&amp;quot;os&amp;quot;:&amp;quot;Linux&amp;quot;,&amp;quot;abi&amp;quot;:null}],&amp;quot;multiprocessCompatible&amp;quot;:false,&amp;quot;signedState&amp;quot;:0}
1451365243903	addons.xpi	DEBUG	Updating XPIState for {&amp;quot;id&amp;quot;:&amp;quot;{972ce4c6-7e08-4474-a285-3208198ce6fd}&amp;quot;,&amp;quot;syncGUID&amp;quot;:&amp;quot;AygNZ5_M-xVH&amp;quot;,&amp;quot;location&amp;quot;:&amp;quot;app-global&amp;quot;,&amp;quot;version&amp;quot;:&amp;quot;44.0&amp;quot;,&amp;quot;type&amp;quot;:&amp;quot;theme&amp;quot;,&amp;quot;internalName&amp;quot;:&amp;quot;classic/1.0&amp;quot;,&amp;quot;updateURL&amp;quot;:null,&amp;quot;updateKey&amp;quot;:null,&amp;quot;optionsURL&amp;quot;:null,&amp;quot;optionsType&amp;quot;:null,&amp;quot;aboutURL&amp;quot;:null,&amp;quot;icons&amp;quot;:{&amp;quot;32&amp;quot;:&amp;quot;icon.png&amp;quot;,&amp;quot;48&amp;quot;:&amp;quot;icon.png&amp;quot;},&amp;quot;iconURL&amp;quot;:null,&amp;quot;icon64URL&amp;quot;:null,&amp;quot;defaultLocale&amp;quot;:{&amp;quot;name&amp;quot;:&amp;quot;Default&amp;quot;,&amp;quot;description&amp;quot;:&amp;quot;The default theme.&amp;quot;,&amp;quot;creator&amp;quot;:&amp;quot;Mozilla&amp;quot;,&amp;quot;homepageURL&amp;quot;:null,&amp;quot;contributors&amp;quot;:[&amp;quot;Mozilla Contributors&amp;quot;]},&amp;quot;visible&amp;quot;:true,&amp;quot;active&amp;quot;:true,&amp;quot;userDisabled&amp;quot;:false,&amp;quot;appDisabled&amp;quot;:false,&amp;quot;descriptor&amp;quot;:&amp;quot;C:\\Program Files (x86)\\Mozilla Firefox\\browser\\extensions\\{972ce4c6-7e08-4474-a285-3208198ce6fd}&amp;quot;,&amp;quot;installDate&amp;quot;:1450769039572,&amp;quot;updateDate&amp;quot;:1450769039572,&amp;quot;applyBackgroundUpdates&amp;quot;:1,&amp;quot;skinnable&amp;quot;:true,&amp;quot;size&amp;quot;:24166,&amp;quot;sourceURI&amp;quot;:null,&amp;quot;releaseNotesURI&amp;quot;:null,&amp;quot;softDisabled&amp;quot;:false,&amp;quot;foreignInstall&amp;quot;:false,&amp;quot;hasBinaryComponents&amp;quot;:false,&amp;quot;strictCompatibility&amp;quot;:true,&amp;quot;locales&amp;quot;:[],&amp;quot;targetApplications&amp;quot;:[{&amp;quot;id&amp;quot;:&amp;quot;{ec8030f7-c20a-464f-9b0e-13a3a9e97384}&amp;quot;,&amp;quot;minVersion&amp;quot;:&amp;quot;44.0&amp;quot;,&amp;quot;maxVersion&amp;quot;:&amp;quot;44.0&amp;quot;}],&amp;quot;targetPlatforms&amp;quot;:[]}
1451365243903	addons.xpi	DEBUG	getModTime: Recursive scan of {972ce4c6-7e08-4474-a285-3208198ce6fd}
1451365243905	DeferredSave.extensions.json	DEBUG	Save changes
1451365243905	addons.xpi	DEBUG	Updating database with changes to installed add-ons
1451365243905	addons.xpi-utils	DEBUG	Updating add-on states
1451365243906	addons.xpi-utils	DEBUG	Writing add-ons list
1451365243927	addons.manager	DEBUG	Registering shutdown blocker for XPIProvider
1451365243928	addons.manager	DEBUG	Provider finished startup: XPIProvider
1451365243928	addons.manager	DEBUG	Starting provider: LightweightThemeManager
1451365243928	addons.manager	DEBUG	Registering shutdown blocker for LightweightThemeManager
1451365243929	addons.manager	DEBUG	Provider finished startup: LightweightThemeManager
1451365243930	addons.manager	DEBUG	Starting provider: GMPProvider
1451365243942	addons.manager	DEBUG	Registering shutdown blocker for GMPProvider
1451365243942	addons.manager	DEBUG	Provider finished startup: GMPProvider
1451365243942	addons.manager	DEBUG	Starting provider: PluginProvider
1451365243942	addons.manager	DEBUG	Registering shutdown blocker for PluginProvider
1451365243943	addons.manager	DEBUG	Provider finished startup: PluginProvider
1451365243944	addons.manager	DEBUG	Completed startup sequence
1451365245762	addons.manager	DEBUG	Starting provider: &amp;lt;unnamed-provider&amp;gt;
1451365245762	addons.manager	DEBUG	Registering shutdown blocker for &amp;lt;unnamed-provider&amp;gt;
1451365245763	addons.manager	DEBUG	Provider finished startup: &amp;lt;unnamed-provider&amp;gt;
1451365247252	DeferredSave.extensions.json	DEBUG	Starting write
1451365247771	addons.repository	DEBUG	No addons.json found.
1451365247771	DeferredSave.addons.json	DEBUG	Save changes
1451365247781	DeferredSave.addons.json	DEBUG	Starting timer
1451365247800	addons.manager	DEBUG	Starting provider: PreviousExperimentProvider
1451365247800	addons.manager	DEBUG	Registering shutdown blocker for PreviousExperimentProvider
1451365247801	addons.manager	DEBUG	Provider finished startup: PreviousExperimentProvider
1451365247807	DeferredSave.extensions.json	DEBUG	Write succeeded
1451365247808	addons.xpi-utils	DEBUG	XPI Database saved, setting schema version preference to 17
1451365247863	DeferredSave.addons.json	DEBUG	Starting write
1451365247892	DeferredSave.addons.json	DEBUG	Write succeeded

Build info: version: &amp;apos;2.47.1&amp;apos;, revision: &amp;apos;411b314&amp;apos;, time: &amp;apos;2015-07-30 03:03:16&amp;apos;
System info: host: &amp;apos;praveen-PC&amp;apos;, ip: &amp;apos;192.168.0.27&amp;apos;, os.name: &amp;apos;Windows 7&amp;apos;, os.arch: &amp;apos;amd64&amp;apos;, os.version: &amp;apos;6.1&amp;apos;, java.version: &amp;apos;1.7.0_79&amp;apos;
Driver info: driver.version: FirefoxDriver">
      <![CDATA[org.openqa.selenium.WebDriverException: Failed to connect to binary FirefoxBinary(C:\Program Files (x86)\Mozilla Firefox\firefox.exe) on port 7055; process output follows: 
sions\\fxdriver@googlecode.com","installDate":1451365240472,"updateDate":1451365240472,"applyBackgroundUpdates":1,"bootstrap":false,"size":8235030,"sourceURI":null,"releaseNotesURI":null,"softDisabled":false,"foreignInstall":true,"hasBinaryComponents":true,"strictCompatibility":false,"locales":[],"targetApplications":[{"id":"{ec8030f7-c20a-464f-9b0e-13a3a9e97384}","minVersion":"3.0","maxVersion":"66.*"}],"targetPlatforms":[{"os":"Darwin","abi":null},{"os":"SunOS","abi":null},{"os":"FreeBSD","abi":null},{"os":"OpenBSD","abi":null},{"os":"WINNT","abi":"x86-msvc"},{"os":"Linux","abi":null}],"multiprocessCompatible":false,"signedState":0}
1451365243903	addons.xpi	DEBUG	Updating XPIState for {"id":"{972ce4c6-7e08-4474-a285-3208198ce6fd}","syncGUID":"AygNZ5_M-xVH","location":"app-global","version":"44.0","type":"theme","internalName":"classic/1.0","updateURL":null,"updateKey":null,"optionsURL":null,"optionsType":null,"aboutURL":null,"icons":{"32":"icon.png","48":"icon.png"},"iconURL":null,"icon64URL":null,"defaultLocale":{"name":"Default","description":"The default theme.","creator":"Mozilla","homepageURL":null,"contributors":["Mozilla Contributors"]},"visible":true,"active":true,"userDisabled":false,"appDisabled":false,"descriptor":"C:\\Program Files (x86)\\Mozilla Firefox\\browser\\extensions\\{972ce4c6-7e08-4474-a285-3208198ce6fd}","installDate":1450769039572,"updateDate":1450769039572,"applyBackgroundUpdates":1,"skinnable":true,"size":24166,"sourceURI":null,"releaseNotesURI":null,"softDisabled":false,"foreignInstall":false,"hasBinaryComponents":false,"strictCompatibility":true,"locales":[],"targetApplications":[{"id":"{ec8030f7-c20a-464f-9b0e-13a3a9e97384}","minVersion":"44.0","maxVersion":"44.0"}],"targetPlatforms":[]}
1451365243903	addons.xpi	DEBUG	getModTime: Recursive scan of {972ce4c6-7e08-4474-a285-3208198ce6fd}
1451365243905	DeferredSave.extensions.json	DEBUG	Save changes
1451365243905	addons.xpi	DEBUG	Updating database with changes to installed add-ons
1451365243905	addons.xpi-utils	DEBUG	Updating add-on states
1451365243906	addons.xpi-utils	DEBUG	Writing add-ons list
1451365243927	addons.manager	DEBUG	Registering shutdown blocker for XPIProvider
1451365243928	addons.manager	DEBUG	Provider finished startup: XPIProvider
1451365243928	addons.manager	DEBUG	Starting provider: LightweightThemeManager
1451365243928	addons.manager	DEBUG	Registering shutdown blocker for LightweightThemeManager
1451365243929	addons.manager	DEBUG	Provider finished startup: LightweightThemeManager
1451365243930	addons.manager	DEBUG	Starting provider: GMPProvider
1451365243942	addons.manager	DEBUG	Registering shutdown blocker for GMPProvider
1451365243942	addons.manager	DEBUG	Provider finished startup: GMPProvider
1451365243942	addons.manager	DEBUG	Starting provider: PluginProvider
1451365243942	addons.manager	DEBUG	Registering shutdown blocker for PluginProvider
1451365243943	addons.manager	DEBUG	Provider finished startup: PluginProvider
1451365243944	addons.manager	DEBUG	Completed startup sequence
1451365245762	addons.manager	DEBUG	Starting provider: <unnamed-provider>
1451365245762	addons.manager	DEBUG	Registering shutdown blocker for <unnamed-provider>
1451365245763	addons.manager	DEBUG	Provider finished startup: <unnamed-provider>
1451365247252	DeferredSave.extensions.json	DEBUG	Starting write
1451365247771	addons.repository	DEBUG	No addons.json found.
1451365247771	DeferredSave.addons.json	DEBUG	Save changes
1451365247781	DeferredSave.addons.json	DEBUG	Starting timer
1451365247800	addons.manager	DEBUG	Starting provider: PreviousExperimentProvider
1451365247800	addons.manager	DEBUG	Registering shutdown blocker for PreviousExperimentProvider
1451365247801	addons.manager	DEBUG	Provider finished startup: PreviousExperimentProvider
1451365247807	DeferredSave.extensions.json	DEBUG	Write succeeded
1451365247808	addons.xpi-utils	DEBUG	XPI Database saved, setting schema version preference to 17
1451365247863	DeferredSave.addons.json	DEBUG	Starting write
1451365247892	DeferredSave.addons.json	DEBUG	Write succeeded

Build info: version: '2.47.1', revision: '411b314', time: '2015-07-30 03:03:16'
System info: host: 'praveen-PC', ip: '192.168.0.27', os.name: 'Windows 7', os.arch: 'amd64', os.version: '6.1', java.version: '1.7.0_79'
Driver info: driver.version: FirefoxDriver
	at org.openqa.selenium.firefox.internal.NewProfileExtensionConnection.start(NewProfileExtensionConnection.java:134)
	at org.openqa.selenium.firefox.FirefoxDriver.startClient(FirefoxDriver.java:276)
	at org.openqa.selenium.remote.RemoteWebDriver.<init>(RemoteWebDriver.java:116)
	at org.openqa.selenium.firefox.FirefoxDriver.<init>(FirefoxDriver.java:223)
	at org.openqa.selenium.firefox.FirefoxDriver.<init>(FirefoxDriver.java:216)
	at org.openqa.selenium.firefox.FirefoxDriver.<init>(FirefoxDriver.java:212)
	at org.openqa.selenium.firefox.FirefoxDriver.<init>(FirefoxDriver.java:125)
	at dec28.Login.loginTest(Login.java:14)
Caused by: org.openqa.selenium.firefox.NotConnectedException: Unable to connect to host 127.0.0.1 on port 7055 after 45000 ms. Firefox console output:
sions\\fxdriver@googlecode.com","installDate":1451365240472,"updateDate":1451365240472,"applyBackgroundUpdates":1,"bootstrap":false,"size":8235030,"sourceURI":null,"releaseNotesURI":null,"softDisabled":false,"foreignInstall":true,"hasBinaryComponents":true,"strictCompatibility":false,"locales":[],"targetApplications":[{"id":"{ec8030f7-c20a-464f-9b0e-13a3a9e97384}","minVersion":"3.0","maxVersion":"66.*"}],"targetPlatforms":[{"os":"Darwin","abi":null},{"os":"SunOS","abi":null},{"os":"FreeBSD","abi":null},{"os":"OpenBSD","abi":null},{"os":"WINNT","abi":"x86-msvc"},{"os":"Linux","abi":null}],"multiprocessCompatible":false,"signedState":0}
1451365243903	addons.xpi	DEBUG	Updating XPIState for {"id":"{972ce4c6-7e08-4474-a285-3208198ce6fd}","syncGUID":"AygNZ5_M-xVH","location":"app-global","version":"44.0","type":"theme","internalName":"classic/1.0","updateURL":null,"updateKey":null,"optionsURL":null,"optionsType":null,"aboutURL":null,"icons":{"32":"icon.png","48":"icon.png"},"iconURL":null,"icon64URL":null,"defaultLocale":{"name":"Default","description":"The default theme.","creator":"Mozilla","homepageURL":null,"contributors":["Mozilla Contributors"]},"visible":true,"active":true,"userDisabled":false,"appDisabled":false,"descriptor":"C:\\Program Files (x86)\\Mozilla Firefox\\browser\\extensions\\{972ce4c6-7e08-4474-a285-3208198ce6fd}","installDate":1450769039572,"updateDate":1450769039572,"applyBackgroundUpdates":1,"skinnable":true,"size":24166,"sourceURI":null,"releaseNotesURI":null,"softDisabled":false,"foreignInstall":false,"hasBinaryComponents":false,"strictCompatibility":true,"locales":[],"targetApplications":[{"id":"{ec8030f7-c20a-464f-9b0e-13a3a9e97384}","minVersion":"44.0","maxVersion":"44.0"}],"targetPlatforms":[]}
1451365243903	addons.xpi	DEBUG	getModTime: Recursive scan of {972ce4c6-7e08-4474-a285-3208198ce6fd}
1451365243905	DeferredSave.extensions.json	DEBUG	Save changes
1451365243905	addons.xpi	DEBUG	Updating database with changes to installed add-ons
1451365243905	addons.xpi-utils	DEBUG	Updating add-on states
1451365243906	addons.xpi-utils	DEBUG	Writing add-ons list
1451365243927	addons.manager	DEBUG	Registering shutdown blocker for XPIProvider
1451365243928	addons.manager	DEBUG	Provider finished startup: XPIProvider
1451365243928	addons.manager	DEBUG	Starting provider: LightweightThemeManager
1451365243928	addons.manager	DEBUG	Registering shutdown blocker for LightweightThemeManager
1451365243929	addons.manager	DEBUG	Provider finished startup: LightweightThemeManager
1451365243930	addons.manager	DEBUG	Starting provider: GMPProvider
1451365243942	addons.manager	DEBUG	Registering shutdown blocker for GMPProvider
1451365243942	addons.manager	DEBUG	Provider finished startup: GMPProvider
1451365243942	addons.manager	DEBUG	Starting provider: PluginProvider
1451365243942	addons.manager	DEBUG	Registering shutdown blocker for PluginProvider
1451365243943	addons.manager	DEBUG	Provider finished startup: PluginProvider
1451365243944	addons.manager	DEBUG	Completed startup sequence
1451365245762	addons.manager	DEBUG	Starting provider: <unnamed-provider>
1451365245762	addons.manager	DEBUG	Registering shutdown blocker for <unnamed-provider>
1451365245763	addons.manager	DEBUG	Provider finished startup: <unnamed-provider>
1451365247252	DeferredSave.extensions.json	DEBUG	Starting write
1451365247771	addons.repository	DEBUG	No addons.json found.
1451365247771	DeferredSave.addons.json	DEBUG	Save changes
1451365247781	DeferredSave.addons.json	DEBUG	Starting timer
1451365247800	addons.manager	DEBUG	Starting provider: PreviousExperimentProvider
1451365247800	addons.manager	DEBUG	Registering shutdown blocker for PreviousExperimentProvider
1451365247801	addons.manager	DEBUG	Provider finished startup: PreviousExperimentProvider
1451365247807	DeferredSave.extensions.json	DEBUG	Write succeeded
1451365247808	addons.xpi-utils	DEBUG	XPI Database saved, setting schema version preference to 17
1451365247863	DeferredSave.addons.json	DEBUG	Starting write
1451365247892	DeferredSave.addons.json	DEBUG	Write succeeded

	at org.openqa.selenium.firefox.internal.NewProfileExtensionConnection.start(NewProfileExtensionConnection.java:122)
	... 31 more
... Removed 24 stack frames]]>
    </failure>
  </testcase> <!-- loginTest -->
  <testcase name="findaFlight" time="0.042" classname="dec28.FindAFlight">
    <failure type="java.lang.NullPointerException">
      <![CDATA[java.lang.NullPointerException
	at dec28.FindAFlight.findaFlight(FindAFlight.java:11)
... Removed 24 stack frames]]>
    </failure>
  </testcase> <!-- findaFlight -->
  <testcase name="selectaFlight" time="0.001" classname="dec28.SelectAFlight">
    <failure type="java.lang.NullPointerException">
      <![CDATA[java.lang.NullPointerException
	at dec28.SelectAFlight.selectaFlight(SelectAFlight.java:11)
... Removed 24 stack frames]]>
    </failure>
  </testcase> <!-- selectaFlight -->
  <testcase name="bookaFlight" time="0.001" classname="dec28.BookaFlight">
    <failure type="java.lang.NullPointerException">
      <![CDATA[java.lang.NullPointerException
	at dec28.BookaFlight.bookaFlight(BookaFlight.java:11)
... Removed 24 stack frames]]>
    </failure>
  </testcase> <!-- bookaFlight -->
  <testcase name="flightConformation" time="0.001" classname="dec28.FlightConformation">
    <failure type="java.lang.NullPointerException">
      <![CDATA[java.lang.NullPointerException
	at dec28.FlightConformation.flightConformation(FlightConformation.java:12)
... Removed 24 stack frames]]>
    </failure>
  </testcase> <!-- flightConformation -->
</testsuite> <!-- Ene to end Testing -->
